models/hmm/english/README
models/hmm/english/feat.params
models/hmm/english/mdef
models/hmm/english/means
models/hmm/english/noisedict
models/hmm/english/sendump
models/hmm/english/transition_matrices
models/hmm/english/variances
lb/english.dic
lb/english.lm
lb/mandarin.dic
lb/mandarin.lm
lb_with_trigger/english.dic
lb_with_trigger/english.lm
lb_with_trigger/mandarin.dic
lb_with_trigger/mandarin.lm
lb_with_200/english.dic
lb_with_200/english.lm
lb_with_200/mandarin.dic
lb_with_200/mandarin.lm
lb_with_200/triggerCommand.lm
cmudict-en-us.dict
menu.gram
